<?xml version="1.0" encoding="UTF-8"?>
<testng-results ignored="0" total="2" passed="2" failed="0" skipped="0">
  <reporter-output>
  </reporter-output>
  <suite started-at="2024-11-10T21:28:10 IST" name="Default suite" finished-at="2024-11-10T21:28:10 IST" duration-ms="80">
    <groups>
    </groups>
    <test started-at="2024-11-10T21:28:10 IST" name="Default test" finished-at="2024-11-10T21:28:10 IST" duration-ms="80">
      <class name="PS2">
        <test-method is-config="true" signature="prereq()[pri:0, instance:PS2@3514a4c0]" started-at="2024-11-10T21:28:10 IST" name="prereq" finished-at="2024-11-10T21:28:10 IST" duration-ms="5" status="PASS">
          <reporter-output>
          </reporter-output>
        </test-method> <!-- prereq -->
        <test-method signature="display()[pri:0, instance:PS2@3514a4c0]" started-at="2024-11-10T21:28:10 IST" name="display" finished-at="2024-11-10T21:28:10 IST" duration-ms="8" status="PASS">
          <reporter-output>
          </reporter-output>
        </test-method> <!-- display -->
        <test-method is-config="true" signature="postreq()[pri:0, instance:PS2@3514a4c0]" started-at="2024-11-10T21:28:10 IST" name="postreq" finished-at="2024-11-10T21:28:10 IST" duration-ms="1" status="PASS">
          <reporter-output>
          </reporter-output>
        </test-method> <!-- postreq -->
        <test-method signature="child()[pri:0, instance:PS2@3514a4c0]" started-at="2024-11-10T21:28:10 IST" name="child" finished-at="2024-11-10T21:28:10 IST" duration-ms="4" status="PASS">
          <reporter-output>
          </reporter-output>
        </test-method> <!-- child -->
        <test-method is-config="true" signature="prereq()[pri:0, instance:PS2@3514a4c0]" started-at="2024-11-10T21:28:10 IST" name="prereq" finished-at="2024-11-10T21:28:10 IST" duration-ms="0" status="PASS">
          <reporter-output>
          </reporter-output>
        </test-method> <!-- prereq -->
        <test-method is-config="true" signature="postreq()[pri:0, instance:PS2@3514a4c0]" started-at="2024-11-10T21:28:10 IST" name="postreq" finished-at="2024-11-10T21:28:10 IST" duration-ms="0" status="PASS">
          <reporter-output>
          </reporter-output>
        </test-method> <!-- postreq -->
      </class> <!-- PS2 -->
    </test> <!-- Default test -->
  </suite> <!-- Default suite -->
</testng-results>
